<?xml version="1.0" encoding="UTF-8"?>
<!-- Generated by org.testng.reporters.JUnitReportReporter -->
<testsuite hostname="USHYDSUDPATRO9" failures="0" tests="1" name="qaclickacademy.ExtentReports.ExtentReportsDemo" time="7.293" errors="0" timestamp="01 Oct 2020 15:38:46 GMT" skipped="0">
  <testcase classname="qaclickacademy.ExtentReports.ExtentReportsDemo" name="initialDemo" time="7.293"/>
</testsuite> <!-- qaclickacademy.ExtentReports.ExtentReportsDemo -->
